<?xml version="1.0" encoding="UTF-8"?>
<!-- Generated by org.testng.reporters.JUnitReportReporter -->
<testsuite hostname="DEVELOPER7" failures="0" tests="11" name="LeadScore.LeadScorePurchase" time="9.311" errors="0" timestamp="2023-05-25T12:19:15 IST" skipped="0">
  <testcase classname="LeadScore.LeadScorePurchase" name="getpurchaseprobscore" time="0.818"/>
  <system-out/>
  <testcase classname="LeadScore.LeadScorePurchase" name="getpurchaseprobscore" time="0.911"/>
  <system-out/>
  <testcase classname="LeadScore.LeadScorePurchase" name="getpurchaseprobscore" time="0.809"/>
  <system-out/>
  <testcase classname="LeadScore.LeadScorePurchase" name="getpurchaseprobscore" time="0.912"/>
  <system-out/>
  <testcase classname="LeadScore.LeadScorePurchase" name="getpurchaseprobscore" time="0.817"/>
  <system-out/>
  <testcase classname="LeadScore.LeadScorePurchase" name="getpurchaseprobscore" time="0.818"/>
  <system-out/>
  <testcase classname="LeadScore.LeadScorePurchase" name="getpurchaseprobscore" time="0.819"/>
  <system-out/>
  <testcase classname="LeadScore.LeadScorePurchase" name="getpurchaseprobscore" time="0.809"/>
  <system-out/>
  <testcase classname="LeadScore.LeadScorePurchase" name="getpurchaseprobscore" time="0.813"/>
  <system-out/>
  <testcase classname="LeadScore.LeadScorePurchase" name="getpurchaseprobscore" time="0.959"/>
  <system-out/>
  <testcase classname="LeadScore.LeadScorePurchase" name="getpurchaseprobscore" time="0.826"/>
  <system-out/>
</testsuite> <!-- LeadScore.LeadScorePurchase -->
