<?xml version="1.0" encoding="UTF-8"?>
<!-- Generated by org.testng.reporters.JUnitReportReporter -->
<testsuite hostname="DEVELOPER7" failures="0" tests="11" name="PriceReco.PriceReco" time="25.220" errors="0" timestamp="2023-05-25T12:19:15 IST" skipped="0">
  <testcase classname="PriceReco.PriceReco" name="getcarprice" time="2.693"/>
  <system-out/>
  <testcase classname="PriceReco.PriceReco" name="getcarprice" time="2.738"/>
  <system-out/>
  <testcase classname="PriceReco.PriceReco" name="getcarprice" time="1.938"/>
  <system-out/>
  <testcase classname="PriceReco.PriceReco" name="getcarprice" time="2.151"/>
  <system-out/>
  <testcase classname="PriceReco.PriceReco" name="getcarprice" time="2.311"/>
  <system-out/>
  <testcase classname="PriceReco.PriceReco" name="getcarprice" time="2.441"/>
  <system-out/>
  <testcase classname="PriceReco.PriceReco" name="getcarprice" time="2.164"/>
  <system-out/>
  <testcase classname="PriceReco.PriceReco" name="getcarprice" time="2.141"/>
  <system-out/>
  <testcase classname="PriceReco.PriceReco" name="getcarprice" time="2.322"/>
  <system-out/>
  <testcase classname="PriceReco.PriceReco" name="getcarprice" time="2.233"/>
  <system-out/>
  <testcase classname="PriceReco.PriceReco" name="getcarprice" time="2.088"/>
  <system-out/>
</testsuite> <!-- PriceReco.PriceReco -->
