<?xml version="1.0" encoding="UTF-8"?>
<!-- Generated by org.testng.reporters.JUnitReportReporter -->
<testsuite hostname="DEVELOPER7" failures="0" tests="11" name="LeadScore.LeadScoreSales" time="11.283" errors="0" timestamp="2023-05-25T12:19:15 IST" skipped="0">
  <testcase classname="LeadScore.LeadScoreSales" name="getsalesprobscore" time="0.909"/>
  <system-out/>
  <testcase classname="LeadScore.LeadScoreSales" name="getsalesprobscore" time="0.820"/>
  <system-out/>
  <testcase classname="LeadScore.LeadScoreSales" name="getsalesprobscore" time="0.941"/>
  <system-out/>
  <testcase classname="LeadScore.LeadScoreSales" name="getsalesprobscore" time="0.901"/>
  <system-out/>
  <testcase classname="LeadScore.LeadScoreSales" name="getsalesprobscore" time="0.924"/>
  <system-out/>
  <testcase classname="LeadScore.LeadScoreSales" name="getsalesprobscore" time="2.593"/>
  <system-out/>
  <testcase classname="LeadScore.LeadScoreSales" name="getsalesprobscore" time="0.809"/>
  <system-out/>
  <testcase classname="LeadScore.LeadScoreSales" name="getsalesprobscore" time="0.818"/>
  <system-out/>
  <testcase classname="LeadScore.LeadScoreSales" name="getsalesprobscore" time="0.825"/>
  <system-out/>
  <testcase classname="LeadScore.LeadScoreSales" name="getsalesprobscore" time="0.825"/>
  <system-out/>
  <testcase classname="LeadScore.LeadScoreSales" name="getsalesprobscore" time="0.918"/>
  <system-out/>
</testsuite> <!-- LeadScore.LeadScoreSales -->
